<?xml version="1.0" encoding="UTF-8" standalone="no"?><testsuite errors="0" failures="0" name="Navegación de productos" skipped="5" tests="5" time="0.19" timestamp="2025-07-04 03:42:31"><testcase name="Visualizar el listado de productos inicial"><skipped/></testcase><testcase name="Filtrar productos por categoría"><skipped/></testcase><testcase name="Ordenar productos por precio"><skipped/></testcase><testcase name="Navegar a la página siguiente"><skipped/></testcase><testcase name="Ver detalles de un producto"><skipped/></testcase></testsuite>